<?xml version="1.0" encoding="UTF-8"?>
<testng-results ignored="0" total="1" passed="1" failed="0" skipped="0">
  <reporter-output>
  </reporter-output>
  <suite started-at="2023-03-08T13:22:03 IST" name="Default suite" finished-at="2023-03-08T13:22:44 IST" duration-ms="41277">
    <groups>
    </groups>
    <test started-at="2023-03-08T13:22:03 IST" name="Default test" finished-at="2023-03-08T13:22:44 IST" duration-ms="41277">
      <class name="test.Flight_Ticket_Booking">
        <test-method is-config="true" signature="setUp()[pri:0, instance:test.Flight_Ticket_Booking@689604d9]" started-at="2023-03-08T13:22:03 IST" name="setUp" finished-at="2023-03-08T13:22:23 IST" duration-ms="20250" status="PASS">
          <reporter-output>
          </reporter-output>
        </test-method> <!-- setUp -->
        <test-method signature="bookFligtTicket()[pri:0, instance:test.Flight_Ticket_Booking@689604d9]" started-at="2023-03-08T13:22:23 IST" name="bookFligtTicket" finished-at="2023-03-08T13:22:40 IST" duration-ms="16149" status="PASS">
          <reporter-output>
          </reporter-output>
        </test-method> <!-- bookFligtTicket -->
        <test-method is-config="true" signature="tearDown()[pri:0, instance:test.Flight_Ticket_Booking@689604d9]" started-at="2023-03-08T13:22:40 IST" name="tearDown" finished-at="2023-03-08T13:22:44 IST" duration-ms="4804" status="PASS">
          <reporter-output>
          </reporter-output>
        </test-method> <!-- tearDown -->
      </class> <!-- test.Flight_Ticket_Booking -->
    </test> <!-- Default test -->
  </suite> <!-- Default suite -->
</testng-results>
